<?xml version="1.0" encoding="UTF-8"?>
<!-- Generated by org.testng.reporters.JUnitXMLReporter -->
<testsuite ignored="0" hostname="Sarif-PC" failures="1" tests="4" name="TestModule" time="31.224" errors="0" timestamp="2023-01-14T17:45:33 EST">
  <testcase classname="codenbox.mavenBatch25.HomepageTest" name="landingPageTitle" time="0.158">
    <failure type="java.lang.AssertionError" message="expected [CodenBox AutomationLab1] but found [CodenBox AutomationLab]">
      <![CDATA[java.lang.AssertionError: expected [CodenBox AutomationLab1] but found [CodenBox AutomationLab]
at codenbox.mavenBatch25.HomepageTest.landingPageTitle(HomepageTest.java:17)
at java.base/java.util.ArrayList.forEach(ArrayList.java:1511)
... Removed 33 stack frames]]>
    </failure>
  </testcase> <!-- landingPageTitle -->
  <testcase classname="codenbox.mavenBatch25.HomepageTest" name="basePageNavigationBar" time="0.081"/>
  <testcase classname="codenbox.mavenBatch25.HomepageTest" name="selectDropdown" time="2.246"/>
  <testcase classname="codenbox.mavenBatch25.LoginTest" name="doLogin" time="3.871"/>
</testsuite> <!-- TestModule -->
