<?xml version="1.0" encoding="UTF-8"?>
<testng-results ignored="0" total="4" passed="3" failed="1" skipped="0">
  <reporter-output>
  </reporter-output>
  <suite started-at="2023-01-14T17:45:02 EST" name="Suite" finished-at="2023-01-14T17:45:33 EST" duration-ms="31224">
    <groups>
    </groups>
    <test started-at="2023-01-14T17:45:02 EST" name="TestModule" finished-at="2023-01-14T17:45:33 EST" duration-ms="31224">
      <class name="codenbox.mavenBatch25.LoginTest">
        <test-method is-config="true" signature="initializerDriver()[pri:0, instance:codenbox.mavenBatch25.LoginTest@6404f418]" started-at="2023-01-14T17:45:19 EST" name="initializerDriver" finished-at="2023-01-14T17:45:29 EST" duration-ms="9366" status="PASS">
          <reporter-output>
          </reporter-output>
        </test-method> <!-- initializerDriver -->
        <test-method signature="doLogin()[pri:0, instance:codenbox.mavenBatch25.LoginTest@6404f418]" started-at="2023-01-14T17:45:29 EST" name="doLogin" finished-at="2023-01-14T17:45:33 EST" duration-ms="3871" status="PASS">
          <reporter-output>
          </reporter-output>
        </test-method> <!-- doLogin -->
        <test-method is-config="true" signature="tearDown()[pri:0, instance:codenbox.mavenBatch25.LoginTest@6404f418]" started-at="2023-01-14T17:45:33 EST" name="tearDown" finished-at="2023-01-14T17:45:33 EST" duration-ms="461" status="PASS">
          <reporter-output>
          </reporter-output>
        </test-method> <!-- tearDown -->
      </class> <!-- codenbox.mavenBatch25.LoginTest -->
      <class name="codenbox.mavenBatch25.HomepageTest">
        <test-method is-config="true" signature="initializerDriver()[pri:0, instance:codenbox.mavenBatch25.HomepageTest@3a44431a]" started-at="2023-01-14T17:45:02 EST" name="initializerDriver" finished-at="2023-01-14T17:45:16 EST" duration-ms="14051" status="PASS">
          <reporter-output>
          </reporter-output>
        </test-method> <!-- initializerDriver -->
        <test-method signature="landingPageTitle()[pri:0, instance:codenbox.mavenBatch25.HomepageTest@3a44431a]" started-at="2023-01-14T17:45:16 EST" name="landingPageTitle" finished-at="2023-01-14T17:45:16 EST" duration-ms="158" status="FAIL">
          <exception class="java.lang.AssertionError">
            <message>
              <![CDATA[expected [CodenBox AutomationLab1] but found [CodenBox AutomationLab]]]>
            </message>
            <full-stacktrace>
              <![CDATA[java.lang.AssertionError: expected [CodenBox AutomationLab1] but found [CodenBox AutomationLab]
at org.testng.Assert.fail(Assert.java:99)
at org.testng.Assert.failNotEquals(Assert.java:1037)
at org.testng.Assert.assertEqualsImpl(Assert.java:140)
at org.testng.Assert.assertEquals(Assert.java:122)
at org.testng.Assert.assertEquals(Assert.java:629)
at org.testng.Assert.assertEquals(Assert.java:639)
at codenbox.mavenBatch25.HomepageTest.landingPageTitle(HomepageTest.java:17)
at java.base/jdk.internal.reflect.NativeMethodAccessorImpl.invoke0(Native Method)
at java.base/jdk.internal.reflect.NativeMethodAccessorImpl.invoke(NativeMethodAccessorImpl.java:77)
at java.base/jdk.internal.reflect.DelegatingMethodAccessorImpl.invoke(DelegatingMethodAccessorImpl.java:43)
at java.base/java.lang.reflect.Method.invoke(Method.java:568)
at org.testng.internal.MethodInvocationHelper.invokeMethod(MethodInvocationHelper.java:133)
at org.testng.internal.TestInvoker.invokeMethod(TestInvoker.java:598)
at org.testng.internal.TestInvoker.invokeTestMethod(TestInvoker.java:173)
at org.testng.internal.MethodRunner.runInSequence(MethodRunner.java:46)
at org.testng.internal.TestInvoker$MethodInvocationAgent.invoke(TestInvoker.java:824)
at org.testng.internal.TestInvoker.invokeTestMethods(TestInvoker.java:146)
at org.testng.internal.TestMethodWorker.invokeTestMethods(TestMethodWorker.java:146)
at org.testng.internal.TestMethodWorker.run(TestMethodWorker.java:128)
at java.base/java.util.ArrayList.forEach(ArrayList.java:1511)
at org.testng.TestRunner.privateRun(TestRunner.java:794)
at org.testng.TestRunner.run(TestRunner.java:596)
at org.testng.SuiteRunner.runTest(SuiteRunner.java:377)
at org.testng.SuiteRunner.runSequentially(SuiteRunner.java:371)
at org.testng.SuiteRunner.privateRun(SuiteRunner.java:332)
at org.testng.SuiteRunner.run(SuiteRunner.java:276)
at org.testng.SuiteRunnerWorker.runSuite(SuiteRunnerWorker.java:53)
at org.testng.SuiteRunnerWorker.run(SuiteRunnerWorker.java:96)
at org.testng.TestNG.runSuitesSequentially(TestNG.java:1212)
at org.testng.TestNG.runSuitesLocally(TestNG.java:1134)
at org.testng.TestNG.runSuites(TestNG.java:1063)
at org.testng.TestNG.run(TestNG.java:1031)
at org.testng.remote.AbstractRemoteTestNG.run(AbstractRemoteTestNG.java:115)
at org.testng.remote.RemoteTestNG.initAndRun(RemoteTestNG.java:251)
at org.testng.remote.RemoteTestNG.main(RemoteTestNG.java:77)
]]>
            </full-stacktrace>
          </exception> <!-- java.lang.AssertionError -->
          <reporter-output>
          </reporter-output>
        </test-method> <!-- landingPageTitle -->
        <test-method signature="basePageNavigationBar()[pri:1, instance:codenbox.mavenBatch25.HomepageTest@3a44431a]" started-at="2023-01-14T17:45:16 EST" name="basePageNavigationBar" finished-at="2023-01-14T17:45:17 EST" duration-ms="81" status="PASS">
          <reporter-output>
          </reporter-output>
        </test-method> <!-- basePageNavigationBar -->
        <test-method signature="selectDropdown()[pri:2, instance:codenbox.mavenBatch25.HomepageTest@3a44431a]" started-at="2023-01-14T17:45:17 EST" name="selectDropdown" finished-at="2023-01-14T17:45:19 EST" duration-ms="2246" status="PASS">
          <reporter-output>
          </reporter-output>
        </test-method> <!-- selectDropdown -->
        <test-method is-config="true" signature="tearDown()[pri:0, instance:codenbox.mavenBatch25.HomepageTest@3a44431a]" started-at="2023-01-14T17:45:19 EST" name="tearDown" finished-at="2023-01-14T17:45:19 EST" duration-ms="558" status="PASS">
          <reporter-output>
          </reporter-output>
        </test-method> <!-- tearDown -->
      </class> <!-- codenbox.mavenBatch25.HomepageTest -->
    </test> <!-- TestModule -->
  </suite> <!-- Suite -->
</testng-results>
